[    0.000000] Initializing cgroup subsys cpuset
[    0.000000] Initializing cgroup subsys cpu
[    0.000000] Initializing cgroup subsys cpuacct
[    0.000000] Linux version 4.4.0-184-generic (buildd@lgw01-amd64-060) (gcc version 5.4.0 20160609 (Ubuntu 5.4.0-6ubuntu1~16.04.12) ) #214-Ubuntu SMP Thu Jun 4 10:14:11 UTC 2020 (Ubuntu 4.4.0-184.214-generic 4.4.223)
[    0.000000] Command line: BOOT_IMAGE=/boot/vmlinuz-4.4.0-184-generic root=LABEL=cloudimg-rootfs ro console=tty1 console=ttyS0
[    0.000000] KERNEL supported cpus:
[    0.000000]   Intel GenuineIntel
[    0.000000]   AMD AuthenticAMD
[    0.000000]   Centaur CentaurHauls
[    0.000000] x86/fpu: xstate_offset[2]:  576, xstate_sizes[2]:  256
[    0.000000] x86/fpu: Supporting XSAVE feature 0x01: 'x87 floating point registers'
[    0.000000] x86/fpu: Supporting XSAVE feature 0x02: 'SSE registers'
[    0.000000] x86/fpu: Supporting XSAVE feature 0x04: 'AVX registers'
[    0.000000] x86/fpu: Enabled xstate features 0x7, context size is 832 bytes, using 'standard' format.
[    0.000000] e820: BIOS-provided physical RAM map:
[    0.000000] BIOS-e820: [mem 0x0000000000000000-0x000000000009fbff] usable
[    0.000000] BIOS-e820: [mem 0x000000000009fc00-0x000000000009ffff] reserved
[    0.000000] BIOS-e820: [mem 0x00000000000f0000-0x00000000000fffff] reserved
[    0.000000] BIOS-e820: [mem 0x0000000000100000-0x00000000bffeffff] usable
[    0.000000] BIOS-e820: [mem 0x00000000bfff0000-0x00000000bfffffff] ACPI data
[    0.000000] BIOS-e820: [mem 0x00000000fec00000-0x00000000fec00fff] reserved
[    0.000000] BIOS-e820: [mem 0x00000000fee00000-0x00000000fee00fff] reserved
[    0.000000] BIOS-e820: [mem 0x00000000fffc0000-0x00000000ffffffff] reserved
[    0.000000] NX (Execute Disable) protection: active
[    0.000000] SMBIOS 2.5 present.
[    0.000000] Hypervisor detected: KVM
[    0.000000] e820: last_pfn = 0xbfff0 max_arch_pfn = 0x400000000
[    0.000000] MTRR: Disabled
[    0.000000] x86/PAT: MTRRs disabled, skipping PAT initialization too.
[    0.000000] CPU MTRRs all blank - virtualized system.
[    0.000000] x86/PAT: Configuration [0-7]: WB  WT  UC- UC  WB  WT  UC- UC  
[    0.000000] found SMP MP-table at [mem 0x0009fff0-0x0009ffff] mapped at [ffff88000009fff0]
[    0.000000] Scanning 1 areas for low memory corruption
[    0.000000] RAMDISK: [mem 0x362de000-0x37166fff]
[    0.000000] ACPI: Early table checksum verification disabled
[    0.000000] ACPI: RSDP 0x00000000000E0000 000024 (v02 VBOX  )
[    0.000000] ACPI: XSDT 0x00000000BFFF0030 00003C (v01 VBOX   VBOXXSDT 00000001 ASL  00000061)
[    0.000000] ACPI: FACP 0x00000000BFFF00F0 0000F4 (v04 VBOX   VBOXFACP 00000001 ASL  00000061)
[    0.000000] ACPI: DSDT 0x00000000BFFF0470 0021FF (v02 VBOX   VBOXBIOS 00000002 INTL 20160108)
[    0.000000] ACPI: FACS 0x00000000BFFF0200 000040
[    0.000000] ACPI: FACS 0x00000000BFFF0200 000040
[    0.000000] ACPI: APIC 0x00000000BFFF0240 00005C (v02 VBOX   VBOXAPIC 00000001 ASL  00000061)
[    0.000000] ACPI: SSDT 0x00000000BFFF02A0 0001CC (v01 VBOX   VBOXCPUT 00000002 INTL 20160108)
[    0.000000] No NUMA configuration found
[    0.000000] Faking a node at [mem 0x0000000000000000-0x00000000bffeffff]
[    0.000000] NODE_DATA(0) allocated [mem 0xbffeb000-0xbffeffff]
[    0.000000] kvm-clock: Using msrs 4b564d01 and 4b564d00
[    0.000000] kvm-clock: cpu 0, msr 0:bffe3001, primary cpu clock
[    0.000000] kvm-clock: using sched offset of 3503937322 cycles
[    0.000000] clocksource: kvm-clock: mask: 0xffffffffffffffff max_cycles: 0x1cd42e4dffb, max_idle_ns: 881590591483 ns
[    0.000000] Zone ranges:
[    0.000000]   DMA      [mem 0x0000000000001000-0x0000000000ffffff]
[    0.000000]   DMA32    [mem 0x0000000001000000-0x00000000bffeffff]
[    0.000000]   Normal   empty
[    0.000000]   Device   empty
[    0.000000] Movable zone start for each node
[    0.000000] Early memory node ranges
[    0.000000]   node   0: [mem 0x0000000000001000-0x000000000009efff]
[    0.000000]   node   0: [mem 0x0000000000100000-0x00000000bffeffff]
[    0.000000] Initmem setup node 0 [mem 0x0000000000001000-0x00000000bffeffff]
[    0.000000] ACPI: PM-Timer IO Port: 0x4008
[    0.000000] IOAPIC[0]: apic_id 2, version 32, address 0xfec00000, GSI 0-23
[    0.000000] ACPI: INT_SRC_OVR (bus 0 bus_irq 0 global_irq 2 dfl dfl)
[    0.000000] ACPI: INT_SRC_OVR (bus 0 bus_irq 9 global_irq 9 high level)
[    0.000000] Using ACPI (MADT) for SMP configuration information
[    0.000000] smpboot: Allowing 2 CPUs, 0 hotplug CPUs
[    0.000000] PM: Registered nosave memory: [mem 0x00000000-0x00000fff]
[    0.000000] PM: Registered nosave memory: [mem 0x0009f000-0x0009ffff]
[    0.000000] PM: Registered nosave memory: [mem 0x000a0000-0x000effff]
[    0.000000] PM: Registered nosave memory: [mem 0x000f0000-0x000fffff]
[    0.000000] e820: [mem 0xc0000000-0xfebfffff] available for PCI devices
[    0.000000] Booting paravirtualized kernel on KVM
[    0.000000] clocksource: refined-jiffies: mask: 0xffffffff max_cycles: 0xffffffff, max_idle_ns: 7645519600211568 ns
[    0.000000] setup_percpu: NR_CPUS:512 nr_cpumask_bits:512 nr_cpu_ids:2 nr_node_ids:1
[    0.000000] PERCPU: Embedded 33 pages/cpu @ffff8800bfa00000 s95448 r8192 d31528 u1048576
[    0.000000] Built 1 zonelists in Node order, mobility grouping on.  Total pages: 774008
[    0.000000] Policy zone: DMA32
[    0.000000] Kernel command line: BOOT_IMAGE=/boot/vmlinuz-4.4.0-184-generic root=LABEL=cloudimg-rootfs ro console=tty1 console=ttyS0
[    0.000000] PID hash table entries: 4096 (order: 3, 32768 bytes)
[    0.000000] Memory: 3062052K/3145272K available (8632K kernel code, 1336K rwdata, 4036K rodata, 1492K init, 1292K bss, 83220K reserved, 0K cma-reserved)
[    0.000000] SLUB: HWalign=64, Order=0-3, MinObjects=0, CPUs=2, Nodes=1
[    0.000000] Kernel/User page tables isolation: enabled
[    0.000000] Hierarchical RCU implementation.
[    0.000000] 	Build-time adjustment of leaf fanout to 64.
[    0.000000] 	RCU restricting CPUs from NR_CPUS=512 to nr_cpu_ids=2.
[    0.000000] RCU: Adjusting geometry for rcu_fanout_leaf=64, nr_cpu_ids=2
[    0.000000] NR_IRQS:33024 nr_irqs:440 16
[    0.000000] Console: colour VGA+ 80x25
[    0.000000] console [tty1] enabled
[    0.000000] console [ttyS0] enabled
[    0.000000] tsc: Detected 2394.322 MHz processor
[    0.701345] Calibrating delay loop (skipped) preset value.. 4788.64 BogoMIPS (lpj=9577288)
[    0.703318] pid_max: default: 32768 minimum: 301
[    0.704385] ACPI: Core revision 20150930
[    0.706309] ACPI: 2 ACPI AML tables successfully acquired and loaded
[    0.709698] Security Framework initialized
[    0.710695] Yama: becoming mindful.
[    0.711584] AppArmor: AppArmor initialized
[    0.713281] Dentry cache hash table entries: 524288 (order: 10, 4194304 bytes)
[    0.721557] Inode-cache hash table entries: 262144 (order: 9, 2097152 bytes)
[    0.728680] Mount-cache hash table entries: 8192 (order: 4, 65536 bytes)
[    0.731673] Mountpoint-cache hash table entries: 8192 (order: 4, 65536 bytes)
[    0.733824] Initializing cgroup subsys io
[    0.740134] Initializing cgroup subsys memory
[    0.741193] Initializing cgroup subsys devices
[    0.742247] Initializing cgroup subsys freezer
[    0.743254] Initializing cgroup subsys net_cls
[    0.745267] Initializing cgroup subsys perf_event
[    0.750825] Initializing cgroup subsys net_prio
[    0.751763] Initializing cgroup subsys hugetlb
[    0.837804] Initializing cgroup subsys pids
[    0.889820] mce: CPU supports 0 MCE banks
[    0.901436] Last level iTLB entries: 4KB 1024, 2MB 1024, 4MB 1024
[    0.920053] Last level dTLB entries: 4KB 1024, 2MB 1024, 4MB 1024, 1GB 4
[    0.947308] Spectre V1 : Mitigation: usercopy/swapgs barriers and __user pointer sanitization
[    0.949251] Spectre V2 : Mitigation: Full generic retpoline
[    0.950483] Spectre V2 : Spectre v2 / SpectreRSB mitigation: Filling RSB on context switch
[    0.952386] Speculative Store Bypass: Vulnerable
[    0.953408] SRBDS: Unknown: Dependent on hypervisor status
[    0.954749] MDS: Vulnerable: Clear CPU buffers attempted, no microcode
[    0.959547] Freeing SMP alternatives memory: 36K
[    0.966966] ftrace: allocating 32319 entries in 127 pages
[    1.028469] smpboot: APIC(0) Converting physical 0 to logical package 0
[    1.081121] smpboot: Max logical packages: 1
[    1.088893] x2apic enabled
[    1.089871] Switched APIC routing to physical x2apic.
[    1.095909] ..TIMER: vector=0x30 apic1=0 pin1=2 apic2=-1 pin2=-1
[    1.217333] smpboot: CPU0: Intel(R) Core(TM) i5-4210U CPU @ 1.70GHz (family: 0x6, model: 0x45, stepping: 0x1)
[    1.298287] Performance Events: unsupported p6 CPU model 69 no PMU driver, software events only.
[    1.347564] KVM setup paravirtual spinlock
[    1.355781] x86: Booting SMP configuration:
[    1.359122] .... node  #0, CPUs:      #1
[    1.360225] kvm-clock: cpu 1, msr 0:bffe3041, secondary cpu clock
[    1.388611] mce: CPU supports 0 MCE banks
[    1.396557] x86: Booted up 1 node, 2 CPUs
[    1.398146] smpboot: Total of 2 processors activated (9577.28 BogoMIPS)
[    1.402218] devtmpfs: initialized
[    1.407056] evm: security.selinux
[    1.409391] evm: security.SMACK64
[    1.410259] evm: security.SMACK64EXEC
[    1.411159] evm: security.SMACK64TRANSMUTE
[    1.412111] evm: security.SMACK64MMAP
[    1.412994] evm: security.ima
[    1.413791] evm: security.capability
[    1.414922] clocksource: jiffies: mask: 0xffffffff max_cycles: 0xffffffff, max_idle_ns: 7645041785100000 ns
[    1.418813] futex hash table entries: 512 (order: 3, 32768 bytes)
[    1.420313] pinctrl core: initialized pinctrl subsystem
[    1.422841] RTC time:  8:01:44, date: 06/24/20
[    1.425294] NET: Registered protocol family 16
[    1.437725] cpuidle: using governor ladder
[    1.449921] cpuidle: using governor menu
[    1.453527] PCCT header not found.
[    1.455213] ACPI: bus type PCI registered
[    1.456956] acpiphp: ACPI Hot Plug PCI Controller Driver version: 0.5
[    1.459596] PCI: Using configuration type 1 for base access
[    1.491150] ACPI: Added _OSI(Module Device)
[    1.497337] ACPI: Added _OSI(Processor Device)
[    1.498290] ACPI: Added _OSI(3.0 _SCP Extensions)
[    1.499232] ACPI: Added _OSI(Processor Aggregator Device)
[    1.501095] ACPI: Executed 1 blocks of module-level executable AML code
[    1.553222] ACPI: Interpreter enabled
[    1.555221] ACPI: (supports S0 S5)
[    1.556052] ACPI: Using IOAPIC for interrupt routing
[    1.557386] PCI: Using host bridge windows from ACPI; if necessary, use "pci=nocrs" and report a bug
[    1.564011] ACPI: PCI Root Bridge [PCI0] (domain 0000 [bus 00-ff])
[    1.566489] acpi PNP0A03:00: _OSC: OS supports [ASPM ClockPM Segments MSI]
[    1.567949] acpi PNP0A03:00: _OSC: not requesting OS control; OS requires [ExtendedConfig ASPM ClockPM MSI]
[    1.570092] acpi PNP0A03:00: fail to add MMCONFIG information, can't access extended PCI configuration space under this bridge.
[    1.572880] PCI host bridge to bus 0000:00
[    1.596461] pci_bus 0000:00: root bus resource [io  0x0000-0x0cf7 window]
[    1.695364] pci_bus 0000:00: root bus resource [io  0x0d00-0xffff window]
[    1.699309] pci_bus 0000:00: root bus resource [mem 0x000a0000-0x000bffff window]
[    1.724713] pci_bus 0000:00: root bus resource [mem 0xc0000000-0xffdfffff window]
[    1.881245] pci_bus 0000:00: root bus resource [bus 00-ff]
[    1.883998] pci 0000:00:01.1: legacy IDE quirk: reg 0x10: [io  0x01f0-0x01f7]
[    2.078095] pci 0000:00:01.1: legacy IDE quirk: reg 0x14: [io  0x03f6]
[    2.159857] pci 0000:00:01.1: legacy IDE quirk: reg 0x18: [io  0x0170-0x0177]
[    2.175370] pci 0000:00:01.1: legacy IDE quirk: reg 0x1c: [io  0x0376]
[    2.221213] pci 0000:00:07.0: quirk: [io  0x4000-0x403f] claimed by PIIX4 ACPI
[    2.256586] pci 0000:00:07.0: quirk: [io  0x4100-0x410f] claimed by PIIX4 SMB
[    2.284473] ACPI: PCI Interrupt Link [LNKA] (IRQs 5 9 10 *11)
[    2.294703] ACPI: PCI Interrupt Link [LNKB] (IRQs 5 9 10 *11)
[    2.422653] ACPI: PCI Interrupt Link [LNKC] (IRQs 5 9 *10 11)
[    2.443122] ACPI: PCI Interrupt Link [LNKD] (IRQs 5 *9 10 11)
[    2.446100] ACPI: Enabled 2 GPEs in block 00 to 07
[    2.448777] vgaarb: setting as boot device: PCI:0000:00:02.0
[    2.452225] vgaarb: device added: PCI:0000:00:02.0,decodes=io+mem,owns=io+mem,locks=none
[    2.454115] vgaarb: loaded
[    2.454847] vgaarb: bridge control possible 0000:00:02.0
[    2.458752] SCSI subsystem initialized
[    2.466191] ACPI: bus type USB registered
[    2.477774] usbcore: registered new interface driver usbfs
[    2.485482] usbcore: registered new interface driver hub
[    2.488853] usbcore: registered new device driver usb
[    2.490370] PCI: Using ACPI for IRQ routing
[    2.492781] NetLabel: Initializing
[    2.494734] NetLabel:  domain hash size = 128
[    2.501109] NetLabel:  protocols = UNLABELED CIPSOv4
[    2.502310] NetLabel:  unlabeled traffic allowed by default
[    2.503712] amd_nb: Cannot enumerate AMD northbridges
[    2.511698] clocksource: Switched to clocksource kvm-clock
[    2.521787] AppArmor: AppArmor Filesystem Enabled
[    2.528265] pnp: PnP ACPI init
[    2.531823] pnp: PnP ACPI: found 3 devices
[    2.546810] clocksource: acpi_pm: mask: 0xffffff max_cycles: 0xffffff, max_idle_ns: 2085701024 ns
[    2.550171] NET: Registered protocol family 2
[    2.552510] TCP established hash table entries: 32768 (order: 6, 262144 bytes)
[    2.557254] TCP bind hash table entries: 32768 (order: 7, 524288 bytes)
[    2.559188] TCP: Hash tables configured (established 32768 bind 32768)
[    2.566976] UDP hash table entries: 2048 (order: 4, 65536 bytes)
[    2.568269] UDP-Lite hash table entries: 2048 (order: 4, 65536 bytes)
[    2.569691] NET: Registered protocol family 1
[    2.571835] pci 0000:00:00.0: Limiting direct PCI/PCI transfers
[    2.573165] pci 0000:00:01.0: Activating ISA DMA hang workarounds
[    2.574627] Unpacking initramfs...
[    2.817652] Freeing initrd memory: 14884K
[    2.841325] RAPL PMU detected, API unit is 2^-32 Joules, 4 fixed counters 10737418240 ms ovfl timer
[    2.942029] hw unit of domain pp0-core 2^-0 Joules
[    2.946453] hw unit of domain package 2^-0 Joules
[    2.947520] hw unit of domain dram 2^-0 Joules
[    2.948569] hw unit of domain pp1-gpu 2^-0 Joules
[    2.949632] clocksource: tsc: mask: 0xffffffffffffffff max_cycles: 0x228343b5503, max_idle_ns: 440795232691 ns
[    2.955239] platform rtc_cmos: registered platform RTC device (no PNP device found)
[    2.958212] Scanning for low memory corruption every 60 seconds
[    2.961565] audit: initializing netlink subsys (disabled)
[    2.965640] audit: type=2000 audit(1592985709.827:1): initialized
[    2.967310] Initialise system trusted keyring
[    2.969592] HugeTLB registered 2 MB page size, pre-allocated 0 pages
[    2.975902] zbud: loaded
[    2.981478] VFS: Disk quotas dquot_6.6.0
[    2.992981] VFS: Dquot-cache hash table entries: 512 (order 0, 4096 bytes)
[    2.994685] squashfs: version 4.0 (2009/01/31) Phillip Lougher
[    2.997906] fuse init (API version 7.23)
[    3.001406] Key type big_key registered
[    3.005181] Allocating IMA MOK and blacklist keyrings.
[    3.007721] Key type asymmetric registered
[    3.011368] Asymmetric key parser 'x509' registered
[    3.012646] Block layer SCSI generic (bsg) driver version 0.4 loaded (major 249)
[    3.014616] io scheduler noop registered
[    3.017734] io scheduler deadline registered (default)
[    3.018932] io scheduler cfq registered
[    3.019982] pci_hotplug: PCI Hot Plug PCI Core version: 0.5
[    3.021293] pciehp: PCI Express Hot Plug Controller Driver version: 0.4
[    3.022856] ACPI: AC Adapter [AC] (on-line)
[    3.025507] input: Power Button as /devices/LNXSYSTM:00/LNXPWRBN:00/input/input0
[    3.027289] ACPI: Power Button [PWRF]
[    3.028304] input: Sleep Button as /devices/LNXSYSTM:00/LNXSLPBN:00/input/input1
[    3.032103] ACPI: Sleep Button [SLPF]
[    3.033923] ACPI: Battery Slot [BAT0] (battery present)
[    3.037586] GHES: HEST is not enabled!
[    3.041022] Serial: 8250/16550 driver, 32 ports, IRQ sharing enabled
[    3.094405] 00:02: ttyS0 at I/O 0x3f8 (irq = 4, base_baud = 115200) is a 16550A
[    3.333289] Linux agpgart interface v0.103
[    3.364065] loop: module loaded
[    3.381900] scsi host0: ata_piix
[    3.385285] scsi host1: ata_piix
[    3.386167] ata1: PATA max UDMA/33 cmd 0x1f0 ctl 0x3f6 bmdma 0xd000 irq 14
[    3.387573] ata2: PATA max UDMA/33 cmd 0x170 ctl 0x376 bmdma 0xd008 irq 15
[    3.389173] libphy: Fixed MDIO Bus: probed
[    3.393510] tun: Universal TUN/TAP device driver, 1.6
[    3.394668] tun: (C) 1999-2004 Max Krasnyansky <maxk@qualcomm.com>
[    3.401093] PPP generic driver version 2.4.2
[    3.407411] ehci_hcd: USB 2.0 'Enhanced' Host Controller (EHCI) Driver
[    3.411694] ehci-pci: EHCI PCI platform driver
[    3.420286] ehci-platform: EHCI generic platform driver
[    3.421480] ohci_hcd: USB 1.1 'Open' Host Controller (OHCI) Driver
[    3.422840] ohci-pci: OHCI PCI platform driver
[    3.423824] ohci-platform: OHCI generic platform driver
[    3.425014] uhci_hcd: USB Universal Host Controller Interface driver
[    3.426446] i8042: PNP: PS/2 Controller [PNP0303:PS2K,PNP0f03:PS2M] at 0x60,0x64 irq 1,12
[    3.428831] serio: i8042 KBD port at 0x60,0x64 irq 1
[    3.431478] serio: i8042 AUX port at 0x60,0x64 irq 12
[    3.432823] mousedev: PS/2 mouse device common for all mice
[    3.440447] rtc_cmos rtc_cmos: rtc core: registered rtc_cmos as rtc0
[    3.442011] input: AT Translated Set 2 keyboard as /devices/platform/i8042/serio0/input/input2
[    3.447319] rtc_cmos rtc_cmos: alarms up to one day, 114 bytes nvram
[    3.449631] i2c /dev entries driver
[    3.450527] device-mapper: uevent: version 1.0.3
[    3.451624] device-mapper: ioctl: 4.34.0-ioctl (2015-10-28) initialised: dm-devel@redhat.com
[    3.459554] ledtrig-cpu: registered to indicate activity on CPUs
[    3.474429] NET: Registered protocol family 10
[    3.484743] NET: Registered protocol family 17
[    3.492239] Key type dns_resolver registered
[    3.494990] registered taskstats version 1
[    3.497096] Loading compiled-in X.509 certificates
[    3.498901] Loaded X.509 cert 'Build time autogenerated kernel key: b6ae09eed57f82583ccd3c65c463e852cdd7a0b5'
[    3.501077] zswap: loaded using pool lzo/zbud
[    3.504250] Key type trusted registered
[    3.515958] Key type encrypted registered
[    3.520710] AppArmor: AppArmor sha1 policy hashing enabled
[    3.524490] ima: No TPM chip found, activating TPM-bypass!
[    3.525677] ima: Allocated hash algorithm: sha1
[    3.526763] evm: HMAC attrs: 0x1
[    3.527936]   Magic number: 8:611:18
[    3.530062] rtc_cmos rtc_cmos: setting system clock to 2020-06-24 08:01:47 UTC (1592985707)
[    3.533818] BIOS EDD facility v0.16 2004-Jun-25, 0 devices found
[    3.537021] EDD information not available.
[    3.549538] Freeing unused kernel memory: 1492K
[    3.555883] Write protecting the kernel read-only data: 14336k
[    3.557681] Freeing unused kernel memory: 1596K
[    3.656454] Freeing unused kernel memory: 60K
Loading, please wait...
starting version[    3.691062] random: systemd-udevd: uninitialized urandom read (16 bytes read, 2 bits of entropy available)
 229
[    3.692234] random: udevadm: uninitialized urandom read (16 bytes read, 2 bits of entropy available)
[    3.692267] random: udevadm: uninitialized urandom read (16 bytes read, 2 bits of entropy available)
[    3.704634] random: udevadm: uninitialized urandom read (16 bytes read, 2 bits of entropy available)
[    3.704698] random: udevadm: uninitialized urandom read (16 bytes read, 2 bits of entropy available)
[    3.704904] random: udevadm: uninitialized urandom read (16 bytes read, 2 bits of entropy available)
[    3.704983] random: udevadm: uninitialized urandom read (16 bytes read, 2 bits of entropy available)
[    3.705062] random: udevadm: uninitialized urandom read (16 bytes read, 2 bits of entropy available)
[    3.705139] random: udevadm: uninitialized urandom read (16 bytes read, 2 bits of entropy available)
[    3.705213] random: udevadm: uninitialized urandom read (16 bytes read, 2 bits of entropy available)
[    3.890142] e1000: Intel(R) PRO/1000 Network Driver - version 7.3.21-k8-NAPI
[    3.929699] e1000: Copyright (c) 1999-2006 Intel Corporation.
[    4.009384] AVX version of gcm_enc/dec engaged.
[    4.009863] Fusion MPT base driver 3.04.20
[    4.009863] Copyright (c) 1999-2008 LSI Corporation
[    4.048384] AES CTR mode by8 optimization enabled
[    4.056836] Fusion MPT SPI Host driver 3.04.20
[    4.201119] input: ImExPS/2 Generic Explorer Mouse as /devices/platform/i8042/serio1/input/input4
[    4.383354] e1000 0000:00:03.0 eth0: (PCI:33MHz:32-bit) 02:89:fa:04:16:8f
[    4.550949] e1000 0000:00:03.0 eth0: Intel(R) PRO/1000 Network Connection
[    5.028252] e1000 0000:00:08.0 eth1: (PCI:33MHz:32-bit) 08:00:27:63:a5:51
[    5.047198] e1000 0000:00:08.0 eth1: Intel(R) PRO/1000 Network Connection
[    5.049554] e1000 0000:00:08.0 enp0s8: renamed from eth1
[    5.103131] mptbase: ioc0: Initiating bringup
[    5.128187] e1000 0000:00:03.0 enp0s3: renamed from eth0
[    5.188497] ioc0: LSI53C1030 A0: Capabilities={Initiator}
[    5.360005] scsi host2: ioc0: LSI53C1030 A0, FwRev=00000000h, Ports=1, MaxQ=256, IRQ=20
[    5.492268] scsi 2:0:0:0: Direct-Access     VBOX     HARDDISK         1.0  PQ: 0 ANSI: 5
[    5.512651] scsi target2:0:0: Beginning Domain Validation
[    5.517922] scsi target2:0:0: Domain Validation skipping write tests
[    5.571768] scsi target2:0:0: Ending Domain Validation
[    5.573934] scsi target2:0:0: asynchronous
[    5.575302] scsi 2:0:1:0: Direct-Access     VBOX     HARDDISK         1.0  PQ: 0 ANSI: 5
[    5.578051] scsi target2:0:1: Beginning Domain Validation
[    5.580236] scsi target2:0:1: Domain Validation skipping write tests
[    5.611648] scsi target2:0:1: Ending Domain Validation
[    5.612896] scsi target2:0:1: asynchronous
[    5.652454] sd 2:0:0:0: [sda] 20971520 512-byte logical blocks: (10.7 GB/10.0 GiB)
[    5.652775] sd 2:0:0:0: Attached scsi generic sg0 type 0
[    5.653081] sd 2:0:1:0: [sdb] 20480 512-byte logical blocks: (10.5 MB/10.0 MiB)
[    5.653581] sd 2:0:1:0: Attached scsi generic sg1 type 0
[    5.653665] sd 2:0:1:0: [sdb] Write Protect is off
[    5.653912] sd 2:0:1:0: [sdb] Incomplete mode parameter data
[    5.653913] sd 2:0:1:0: [sdb] Assuming drive cache: write through
[    5.673334] sd 2:0:1:0: [sdb] Attached SCSI disk
[    5.817091] sd 2:0:0:0: [sda] Write Protect is off
[    5.818141] sd 2:0:0:0: [sda] Incomplete mode parameter data
[    5.820328] sd 2:0:0:0: [sda] Assuming drive cache: write through
[    5.894120]  sda: sda1
[    5.928931] sd 2:0:0:0: [sda] Attached SCSI disk
Begin: Loading e[    7.342595] md: linear personality registered for level -1
ssential drivers ... [    7.485097] md: multipath personality registered for level -4
[    7.490987] md: raid0 personality registered for level 0
[    7.498109] md: raid1 personality registered for level 1
[    7.580587] raid6: sse2x1   gen()  8816 MB/s
[    7.660611] raid6: sse2x1   xor()  6467 MB/s
[    7.772135] raid6: sse2x2   gen()  7455 MB/s
[    7.850613] raid6: sse2x2   xor()  7181 MB/s
[    7.992624] raid6: sse2x4   gen() 12039 MB/s
[    8.170639] raid6: sse2x4   xor()  8819 MB/s
[    8.351047] raid6: using algorithm sse2x4 gen() 12039 MB/s
[    8.471469] raid6: .... xor() 8819 MB/s, rmw enabled
[    8.541546] raid6: using ssse3x2 recovery algorithm
[    8.543933] xor: automatically using best checksumming function:
[    8.600627]    avx       : 54216.000 MB/sec
[    8.632833] async_tx: api initialized (async)
[    8.645620] md: raid6 personality registered for level 6
[    8.654015] md: raid5 personality registered for level 5
[    8.658555] md: raid4 personality registered for level 4
[    8.667430] md: raid10 personality registered for level 10
done.
Begin: Running /scripts/init-premount ...[    8.715872] Btrfs loaded
 done.
Begin: Mounting root file system ... Begin: Running /scripts/local-top ... done.
Begin: Running /scripts/local-premount ... Scanning for Btrfs filesystems
done.
Warning: fsck not present, so skipping root file sys[    8.812216] EXT4-fs (sda1): mounted filesystem with ordered data mode. Opts: (null)
tem
done.
Begin: Running /scripts/local-bottom ... done.
Begin: Running /scripts/init-bottom ... done.
[    9.808683] systemd[1]: systemd 229 running in system mode. (+PAM +AUDIT +SELINUX +IMA +APPARMOR +SMACK +SYSVINIT +UTMP +LIBCRYPTSETUP +GCRYPT +GNUTLS +ACL +XZ -LZ4 +SECCOMP +BLKID +ELFUTILS +KMOD -IDN)
[    9.918226] systemd[1]: Detected virtualization oracle.
[    9.924318] systemd[1]: Detected architecture x86-64.

Welcome to [1mUbuntu 16.04.6 LTS[0m!

[    9.997814] systemd[1]: Set hostname to <ubuntu>.
[   10.052216] random: nonblocking pool is initialized
[   10.196719] systemd[1]: Initializing machine ID from random generator.
[   10.331227] systemd[1]: Installed transient /etc/machine-id file.
[   11.332155] systemd[1]: Set up automount Arbitrary Executable File Formats File System Automount Point.
[[0;32m  OK  [0m] Set up automount Arbitrary Executab...ats File System Automount Point.
[   11.508668] systemd[1]: Listening on /dev/initctl Compatibility Named Pipe.
[[0;32m  OK  [0m] Listening on /dev/initctl Compatibility Named Pipe.
[   11.518686] systemd[1]: Reached target User and Group Name Lookups.
[[0;32m  OK  [0m] Reached target User and Group Name Lookups.
[   11.522712] systemd[1]: Started Trigger resolvconf update for networkd DNS.
[[0;32m  OK  [0m] Started Trigger resolvconf update for networkd DNS.
[   11.527714] systemd[1]: Created slice System Slice.
[[0;32m  OK  [0m] Created slice System Slice.
[   11.532101] systemd[1]: Created slice system-serial\x2dgetty.slice.
[[0;32m  OK  [0m] Created slice system-serial\x2dgetty.slice.
[   11.537263] systemd[1]: Reached target Swap.
[[0;32m  OK  [0m] Reached target Swap.
[   11.551779] systemd[1]: Listening on Syslog Socket.
[[0;32m  OK  [0m] Listening on Syslog Socket.
[   11.572117] systemd[1]: Listening on LVM2 metadata daemon socket.
[[0;32m  OK  [0m] Listening on LVM2 metadata daemon socket.
[   11.595936] systemd[1]: Listening on Device-mapper event daemon FIFOs.
[[0;32m  OK  [0m] Listening on Device-mapper event daemon FIFOs.
[   11.610254] systemd[1]: Listening on Journal Socket.
[[0;32m  OK  [0m] Listening on Journal Socket.
[   11.624787] systemd[1]: Starting Set console keymap...
         Starting Set console keymap...
[   11.672146] systemd[1]: Mounting Huge Pages File System...
         Mounting Huge Pages File System...
[   11.756486] systemd[1]: Starting Load Kernel Modules...
         Starting Load Kernel Modules...
[   11.868197] systemd[1]: Starting Remount Root and Kernel File Systems...
         Starting Remount Root and Kernel File Systems...
[   11.878984] systemd[1]: Mounting Debug File System...
         [   11.892699] Loading iSCSI transport class v2.0-870.
Mounting Debug File System...
[   11.896542] EXT4-fs (sda1): re-mounted. Opts: (null)
[   11.930816] systemd[1]: Created slice User and Session Slice.
[[0;32m  OK  [0m] Created slice User and Session Slice.
[   12.016274] systemd[1]: Reached target Slices.
[[0;32m  OK  [0[   12.020393] iscsi: registered transport (tcp)
m] Reached target Slices.
[   12.236950] systemd[1]: Listening on LVM2 poll daemon socket.
[[0;32m  OK  [0m] Listening on LVM2 poll daemon socket.
[   12.266990] systemd[1]: Mounting POSIX Message Queue File System...
         Mounting POSIX Message Queue File System...
[   12.466768] iscsi: registered transport (iser)
[   12.479393] systemd[1]: Listening on Journal Socket (/dev/log).
[[0;32m  OK  [0m] Listening on Journal Socket (/dev/log).
[   12.512236] systemd[1]: Starting Uncomplicated firewall...
         Starting Uncomplicated firewall...
[   12.576143] systemd[1]: Listening on Journal Audit Socket.
[[0;32m  OK  [0m] Listening on Journal Audit Socket.
[   12.582440] systemd[1]: Starting Journal Service...
         Starting Journal Service...
[   12.660240] systemd[1]: Reached target System Time Synchronized.
[[0;32m  OK  [0m] Reached target System Time Synchronized.
[   12.806200] systemd[1]: Listening on udev Control Socket.
[[0;32m  OK  [0m] Listening on udev Control Socket.
[   12.844363] systemd[1]: Starting Create list of required static device nodes for the current kernel...
         Starting Create list of required st... nodes for the current kernel...
[   12.938241] systemd[1]: Started Forward Password Requests to Wall Directory Watch.
[[0;32m  OK  [0m] Started Forward Password Requests to Wall Directory Watch.
[   13.044584] systemd[1]: Listening on udev Kernel Socket.
[[0;32m  OK  [0m] Listening on udev Kernel Socket.
[   13.196483] systemd[1]: Starting Monitoring of LVM2 mirrors, snapshots etc. using dmeventd or progress polling...
         Starting Monitoring of LVM2 mirrors... dmeventd or progress polling...
[   13.323975] systemd[1]: Starting Nameserver information manager...
         Starting Nameserver information manager...
[   13.332229] systemd[1]: Reached target Encrypted Volumes.
[[0;32m  OK  [0m] Reached target Encrypted Volumes.
[   13.393928] systemd[1]: Mounted Huge Pages File System.
[[0;32m  OK  [0m] Mounted Huge Pages File System.
[   13.401963] systemd[1]: Mounted POSIX Message Queue File System.
[[0;32m  OK  [0m] Mounted POSIX Message Queue File System.
[   13.424969] systemd[1]: Mounted Debug File System.
[[0;32m  OK  [0m] Mounted Debug File System.
[   13.433448] systemd[1]: Started Journal Service.
[[0;32m  OK  [0m] Started Journal Service.
[[0;32m  OK  [0m] Started Set console keymap.
[[0;32m  OK  [0m] Started Load Kernel Modules.
[[0;32m  OK  [0m] Started Remount Root and Kernel File Systems.
[[0;32m  OK  [0m] Started Uncomplicated firewall.
[[0;32m  OK  [0m] Started Create list of required sta...ce nodes for the current kernel.
[[0;32m  OK  [0m] Started LVM2 metadata daemon.
         Starting Create Static Device Nodes in /dev...
         Starting udev Coldplug all Devices...
         Starting Load/Save Random Seed...
         Starting Apply Kernel Variables...
         Mounting FUSE Control File System...
         Starting Flush Journal to Persistent Storage...
[[0;32m  OK  [0m] Mounted FUSE Control File System.
[[0;32m  OK  [0m] Started Nameserver information manager.
[[0;32m  OK  [0m] Started Load/Save Random Seed.
[   13.743838] systemd-journald[399]: Received request to flush runtime journal from PID 1
[[0;32m  OK  [0m] Started udev Coldplug all Devices.
[[0;32m  OK  [0m] Started Flush Journal to Persistent Storage.
[[0;32m  OK  [0m] Started Apply Kernel Variables.
[[0;32m  OK  [0m] Started Monitoring of LVM2 mirrors,...ng dmeventd or progress polling.
[[0;32m  OK  [0m] Started Create Static Device Nodes in /dev.
         Starting udev Kernel Device Manager...
[[0;32m  OK  [0m] Reached target Local File Systems (Pre).
[[0;32m  OK  [0m] Reached target Local File Systems.
         Starting Tell Plymouth To Write Out Runtime Data...
         Starting Commit a transient machine-id on disk...
         Starting LSB: AppArmor initialization...
         Starting Create Volatile Files and Directories...
         Starting Set console font and keymap...
         Starting Initial cloud-init job (pre-networking)...
[[0;32m  OK  [0m] Started Tell Plymouth To Write Out Runtime Data.
[[0;32m  OK  [0m] Started Commit a transient machine-id on disk.
[[0;32m  OK  [0m] Started Create Volatile Files and Directories.
         Starting Update UTMP about System Boot/Shutdown...
[[0;32m  OK  [0m] Started udev Kernel Device Manager.
[[0;32m  OK  [0m] Started Dispatch Password Requests to Console Directory Watch.
[[0;32m  OK  [0m] Started Update UTMP about System Boot/Shutdown.
[[0;32m  OK  [0m] Found device /dev/ttyS0.
[[0;32m  OK  [0m] Listening on Load/Save RF Kill Switch Status /dev/rfkill Watch.
[[0;32m  OK  [0m] Started Set console font and keymap.
[[0;32m  OK  [0m] Created slice system-getty.slice.
[[0;32m  OK  [0m] Started LSB: AppArmor initialization.
[   17.938334] cloud-init[478]: Cloud-init v. 19.4-33-gbb4131a2-0ubuntu1~16.04.1 running 'init-local' at Wed, 24 Jun 2020 08:02:03 +0000. Up 17.25 seconds.
[[0;32m  OK  [0m] Started Initial cloud-init job (pre-networking).
[[0;32m  OK  [0m] Reached target Network (Pre).
         Starting Raise network interfaces...
[[0;32m  OK  [0m] Started Raise network interfaces.
         Starting Initial cloud-init job (metadata service crawler)...
[[0;32m  OK  [0m] Reached target Network.
[   20.624608] cloud-init[957]: Cloud-init v. 19.4-33-gbb4131a2-0ubuntu1~16.04.1 running 'init' at Wed, 24 Jun 2020 08:02:04 +0000. Up 18.79 seconds.
[   20.688906] cloud-init[957]: ci-info: ++++++++++++++++++++++++++++++++++++++Net device info+++++++++++++++++++++++++++++++++++++++
[[0;32m  OK  [0m] Started Initial cloud-init job (metadata service crawler).
[   20.689370] cloud-init[957]: ci-info: +--------+-------+----------------------------+---------------+--------+-------------------+
[   20.696858] cloud-init[957]: ci-info: | Device |   Up  |          Address           |      Mask     | Scope  |     Hw-Address    |
[   20.697300] cloud-init[957]: ci-info: +--------+-------+----------------------------+---------------+--------+-------------------+
[   20.697709] cloud-init[957]: ci-info: | enp0s3 |  True |         10.0.2.15          | 255.255.255.0 | global | 02:89:fa:04:16:8f |
[   20.697906] cloud-init[957]: ci-info: | enp0s3 |  True | fe80::89:faff:fe04:168f/64 |       .       |  link  | 02:89:fa:04:16:8f |
[   20.698096] cloud-init[957]: ci-info: | enp0s8 | False |             .              |       .       |   .    | 08:00:27:63:a5:51 |
[   20.698289] cloud-init[957]: ci-info: |   lo   |  True |         127.0.0.1          |   255.0.0.0   |  host  |         .         |
[   20.698488] cloud-init[957]: ci-info: |   lo   |  True |          ::1/128           |       .       |  host  |         .         |
[   20.698672] cloud-init[957]: ci-info: +--------+-------+----------------------------+---------------+--------+-------------------+
[   20.698864] cloud-init[957]: ci-info: +++++++++++++++++++++++++++Route IPv4 info++++++++++++++++++++++++++++
[   20.699262] cloud-init[957]: ci-info: +-------+-------------+----------+---------------+-----------+-------+
[   20.699449] cloud-init[957]: ci-info: | Route | Destination | Gateway  |    Genmask    | Interface | Flags |
[[0;32m  OK  [0m] Reached target System Initialization.
[[   20.699652] cloud-init[957]: ci-info: +-------+-------------+----------+---------------+-----------+-------+
[   20.841853] cloud-init[957]: ci-info: |   0   |   0.0.0.0   | 10.0.2.2 |    0.0.0.0    |   enp0s3  |   UG  |
[0;32m  OK  [0m] Listening on UUID daemon activation socket.
[   20.842009] cloud-init[957]: ci-info: |   1   |   10.0.2.0  | 0.0.0.0  | 255.255.255.0 |   enp0s3  |   U   |
[   20.895667] cloud-init[957]: ci-info: +-------+-------------+----------+---------------+-----------+-------+
[   20.911076] cloud-init[957]: ci-info: +++++++++++++++++++Route IPv6 info+++++++++++++++++++
[   20.911644] cloud-init[957]: ci-info: +-------+-------------+---------+-----------+-------+
[[0;32m  OK  [0m] Started ACPI Events Check.
[[   20.912010] cloud-init[957]: ci-info: | Route | Destination | Gateway | Interface | Flags |
[   20.923869] cloud-init[957]: ci-info: +-------+-------------+---------+-----------+-------+
[   20.924546] cloud-init[957]: ci-info: |   0   |  fe80::/64  |    ::   |   enp0s3  |   U   |
[   20.924881] cloud-init[957]: ci-info: |   3   |   ff00::/8  |    ::   |   enp0s3  |   U   |
[   20.925167] cloud-init[957]: ci-info: +-------+-------------+---------+-----------+-------+
[   20.925489] cloud-init[957]: Generating public/private rsa key pair.
[   20.925820] cloud-init[957]: Your identification has been saved in /etc/ssh/ssh_host_rsa_key.
[   20.926149] cloud-init[957]: Your public key has been saved in /etc/ssh/ssh_host_rsa_key.pub.
[   20.926485] cloud-init[957]: The key fingerprint is:
[   20.927163] cloud-init[957]: SHA256:GA3k2ghDABUpUDcPhVZqSAhZ3870jh0cIe80vIksivI root@ubuntu-xenial
[   20.927472] cloud-init[957]: The key's randomart image is:
[   20.927782] cloud-init[957]: +---[RSA 2048]----+
[   20.928443] cloud-init[957]: |OBBo+=* .        |
[   20.928752] cloud-init[957]: |+o.+oB * .       |
[   20.929069] cloud-init[957]: | .+.+ * B        |
[   20.929400] cloud-init[957]: |   + O O =       |
[   20.929711] cloud-init[957]: |    + B S        |
[   20.929967] cloud-init[957]: | . . . + .       |
[   20.930224] cloud-init[957]: |o .   . o        |
[   20.930466] cloud-init[957]: |..               |
[   20.930700] cloud-init[957]: |  E              |
[   20.931180] cloud-init[957]: +----[SHA256]-----+
[   20.931391] cloud-init[957]: Generating public/private dsa key pair.
[   20.931583] cloud-init[957]: Your identification has been saved in /etc/ssh/ssh_host_dsa_key.
[   20.931792] cloud-init[957]: Your public key has been saved in /etc/ssh/ssh_host_dsa_key.pub.
[   20.931982] cloud-init[957]: The key fingerprint is:
[   20.932397] cloud-init[957]: SHA256:lKzCRgGFX7Ug5/wyTBlcl8qJEtdBQDPJnhdX3PGWEjs root@ubuntu-xenial
[0;32m  OK  [0m] Reached target Paths.
[   20.932611] cloud-init[957]: The key's randomart image is:
[   20.988603] cloud-init[957]: +---[DSA 1024]----+
[   20.989217] cloud-init[957]: |  .+++OB=..+.o.. |
         Starting LXD - unix socket.
[[   20.989515] cloud-init[957]: |  . .**Bo+o . +..|
[   21.076840] cloud-init[957]: |   ..==+==   E .o|
[   21.077241] cloud-init[957]: |   ooo++=     o. |
[   21.077733] cloud-init[957]: |    +.=.S        |
[   21.078230] cloud-init[957]: |   . . o         |
[0;32m  OK  [0m] Listening on D-Bus System Message Bus Socket.
[[   21.078736] cloud-init[957]: |                 |
[   21.242687] cloud-init[957]: |                 |
[0;32m  OK  [0m] Started Daily apt download activities.
[[0;32m  OK  [0m] Started Daily apt upgrade and clean activities.
[   21.243186] cloud-init[957]: |                 |
[   21.404387] cloud-init[957]: +----[SHA256]-----+
[   21.404842] cloud-init[957]: Generating public/private ecdsa key pair.
[[0;32m  OK  [0m] Listening on ACPID Listen Socket.
[   21.404976] cloud-init[957]: Your identification has been saved in /etc/ssh/ssh_host_ecdsa_key.
[   21.508882] cloud-init[957]: Your public key has been saved in /etc/ssh/ssh_host_ecdsa_key.pub.
[   21.509873] cloud-init[957]: The key fingerprint is:
         Starting Socket activation for snappy daemon.
[[   21.510751] cloud-init[957]: SHA256:oIvm0cV9HNNVR0qk97Mt6hwqO53oteggzOiN8etK7yk root@ubuntu-xenial
[0;32m  OK  [0m] Started Daily Cleanup of Temporary Directories.
[[0;32m  OK  [0m] Started Message of the Day.
[   21.662531] cloud-init[957]: The key's randomart image is:
[   21.744991] cloud-init[957]: +---[ECDSA 256]---+
[   21.746008] cloud-init[957]: |             .+o+|
[[0;32m  OK  [0m] Reached target Timers.
[[   21.746488] cloud-init[957]: |           . + ..|
[   21.783177] cloud-init[957]: |      .   o o o  |
[   21.783588] cloud-init[957]: |     o o . o . . |
[   21.784697] cloud-init[957]: |    . o S o    ..|
[0;32m  OK  [0m] Reached target Cloud-config availability.
[   21.784958] cloud-init[957]: |   * o   .      +|
[   21.954134] cloud-init[957]: |  B * .  o... ...|
[[0;32m  OK  [0m] Reached target Network is Online.
[   21.954620] cloud-init[957]: | =EB o .+oo+ o . |
         [   22.075880] Starting iSCSI initiator daemon (iscsid)...cloud-init
[957]: |  ==O. o=+o.+    |
[   22.112632] cloud-init[957]: +----[SHA256]-----+
[   22.113320] cloud-init[957]: Generating public/private ed25519 key pair.
[[0;32m  OK  [0m] Listening on LXD - unix socket.
[   22.113707] cloud-init[957]: Your identification has been saved in /etc/ssh/ssh_host_ed25519_key.
[   22.228800] cloud-init[957]: Your public key has been saved in /etc/ssh/ssh_host_ed25519_key.pub.
[   22.229686] cloud-init[957]: The key fingerprint is:
[[0;32m  OK  [0m] Listening on Socket activation for snappy daemon.
[   22.229966] cloud-init[957]: SHA256:ma2BaFZvRLTB1hCuRTuntiCJ+AVQkQwJWGFUGPWDGbc root@ubuntu-xenial
[   22.353606] cloud-init[957]: The key's randomart image is:
[   22.354230] cloud-init[957]: +--[ED25519 256]--+
[[0;32m  OK  [0m] Reached target Sockets.
[   22.354714] cloud-init[957]: |*BOO+ .oB+       |
[   22.364714] cloud-init[957]: |oo+  * =o+.      |
[[0;32m  OK  [0m] Reached target Basic System.
[   22.365469] cloud-init[957]: |  . o E.B .      |
[   22.372725] cloud-init[957]: | . o + B B       |
[   22.374394] cloud-init[957]: |. . B + S .      |
[   22.396416] cloud-init[957]: | . + . + +       |
[   22.396840] cloud-init[957]: |  .     o        |
[[0;32m  OK  [0m] Started D-Bus System Message Bus.
[   22.397006] cloud-init[957]: |                 |
[   22.443885] cloud-init[957]: |                 |
[   22.445142] cloud-init[957]: +----[SHA256]-----+
         Starting Accounts Service...
         Starting Login Service...
[[0;32m  OK  [0m] Started FUSE filesystem for LXC.
         Starting Virtualbox guest utils...
         Starting Snappy daemon...
         Starting LSB: Record successful boot for GRUB...
         Starting /etc/rc.local Compatibility...
         Starting System Logging Service...
         Starting LSB: MD monitoring daemon...
[[0;32m  OK  [0m] Started Deferred execution scheduler.
         Starting Pollinate to seed the pseudo random number generator...
[[0;32m  OK  [0m] Started ACPI event daemon.
[[0;32m  OK  [0m] Started Regular background program processing daemon.
         Starting LXD - container startup/shutdown...
[[0;32m  OK  [0m] Started iSCSI initiator daemon (iscsid).
[[0;32m  OK  [0m] Started /etc/rc.local Compatibility.
         Starting Login to default iSCSI targets...
[[0;32m  OK  [0m] Started Login Service.
[[0;32m  OK  [0m] Started System Logging Service.
[[0;32m  OK  [0m] Started Unattended Upgrades Shutdown.
         Starting Authenticate and Authorize Users to Run Privileged Tasks...
[[0;32m  OK  [0m] Started LSB: Record successful boot for GRUB.
[[0;32m  OK  [0m] Started LSB: MD monitoring daemon.
[[0;32m  OK  [0m] Started Login to default iSCSI targets.
[[0;32m  OK  [0m] Reached target Remote File Systems (Pre).
[[0;32m  OK  [0m] Reached target Remote File Systems.
         Starting LSB: Set the CPU Frequency Scaling governor to "ondemand"...
         Starting LSB: automatic crash report generation...
         Starting Permit User Sessions...
         Starting LSB: daemon to balance interrupts for SMP systems...
[[0;32m  OK  [0m] Started Permit User Sessions.
         Starting Terminate Plymouth Boot Screen...
         Starting Hold until boot process finishes up...
[[0;32m  OK  [0m] Started LSB: Set the CPU Frequency Scaling governor to "ondemand".
[[0;32m  OK  [0m] Started Terminate Plymouth Boot Screen.
[[0;32m  OK  [0m] Started Hold until boot process finishes up.
         Starting Set console scheme...
[[0;32m  OK  [0m] Started Serial Getty on ttyS0.
[[0;32m  OK  [0m] Started Getty on tty1.
[[0;32m  OK  [0m] Reached target Login Prompts.
[[0;32m  OK  [0m] Started Authenticate and Authorize Users to Run Privileged Tasks.
[[0;32m  OK  [0m] Started Accounts Service.
[[0;32m  OK  [0m] Started Set console scheme.
[[0;32m  OK  [0m] Started LSB: daemon to balance interrupts for SMP systems.
[[0;32m  OK  [0m] Started Virtualbox guest utils.
[[0;32m  OK  [0m] Started LSB: automatic crash report generation.
[[0;32m  OK  [0m] Started LXD - container startup/shutdown.
[[0;32m  OK  [0m] Started Snappy daemon.
         Starting Wait until snapd is fully seeded...
[[0;32m  OK  [0m] Started Pollinate to seed the pseudo random number generator.
         Starting OpenBSD Secure Shell server...
[[0;32m  OK  [0m] Started OpenBSD Secure Shell server.
[[0;32m  OK  [0m] Created slice User Slice of vagrant.
         Starting User Manager for UID 1000...
[[0;32m  OK  [0m] Started Session 1 of user vagrant.
[[0;32m  OK  [0m] Started User Manager for UID 1000.
[[0;32m  OK  [0m] Started Wait until snapd is fully seeded.
[[0;32m  OK  [0m] Reached target Multi-User System.
[[0;32m  OK  [0m] Reached target Graphical Interface.
         Starting Update UTMP about System Runlevel Changes...
         Starting Apply the settings specified in cloud-config...
[[0;32m  OK  [0m] Started Update UTMP about System Runlevel Changes.
[   30.107955] cloud-init[1379]: Generating locales (this might take a while)...

Ubuntu 16.04.6 LTS ubuntu-xenial ttyS0

ubuntu-xenial login: [   31.394765] cloud-init[1379]:   en_US.UTF-8... done
[   31.395696] cloud-init[1379]: Generation complete.
[   32.833922] cloud-init[1379]: Cloud-init v. 19.4-33-gbb4131a2-0ubuntu1~16.04.1 running 'modules:config' at Wed, 24 Jun 2020 08:02:15 +0000. Up 29.85 seconds.
ci-info: no authorized SSH keys fingerprints found for user ubuntu.
<14>Jun 24 08:02:19 ec2: 
<14>Jun 24 08:02:19 ec2: #############################################################
<14>Jun 24 08:02:19 ec2: -----BEGIN SSH HOST KEY FINGERPRINTS-----
<14>Jun 24 08:02:19 ec2: 1024 SHA256:lKzCRgGFX7Ug5/wyTBlcl8qJEtdBQDPJnhdX3PGWEjs root@ubuntu-xenial (DSA)
<14>Jun 24 08:02:19 ec2: 256 SHA256:oIvm0cV9HNNVR0qk97Mt6hwqO53oteggzOiN8etK7yk root@ubuntu-xenial (ECDSA)
<14>Jun 24 08:02:19 ec2: 256 SHA256:ma2BaFZvRLTB1hCuRTuntiCJ+AVQkQwJWGFUGPWDGbc root@ubuntu-xenial (ED25519)
<14>Jun 24 08:02:19 ec2: 2048 SHA256:GA3k2ghDABUpUDcPhVZqSAhZ3870jh0cIe80vIksivI root@ubuntu-xenial (RSA)
<14>Jun 24 08:02:19 ec2: -----END SSH HOST KEY FINGERPRINTS-----
<14>Jun 24 08:02:19 ec2: #############################################################
-----BEGIN SSH HOST KEY KEYS-----
ecdsa-sha2-nistp256 AAAAE2VjZHNhLXNoYTItbmlzdHAyNTYAAAAIbmlzdHAyNTYAAABBBLb9uHBqqFdKcH8EybUX946SfyX+p1P2UeN3az/SUo0TNl55es6MA11y0pEbqKmFUqMxGLP1kVatWLtRwoxyN/Y= root@ubuntu-xenial
ssh-ed25519 AAAAC3NzaC1lZDI1NTE5AAAAILhjwP5jCauAF4ZePTU8Sqpp+0xTtJYPOr463NTKQezB root@ubuntu-xenial
ssh-rsa AAAAB3NzaC1yc2EAAAADAQABAAABAQDH5BLyIyoTu1O8fL53snFNXnez7XI4k5erIYVAYxSkOSDlv5p/lccTU9/PccklSciFPxET/EMiXlHJXQHvUaPaUYYaRARoTTWAm/4c2epZSEb46yGlMSzZEskN+t3a8bwqV14d1pCmYsz+BC4fbMHMKhHSr7FSwt5FWKEJRM60h04WMtwB/Kl+9tQz4bhL5sm1sRGyG6hqh7oFkrjlbv2R/rYCCC4W/spAQH83kKEbJ5tvkrb/Z3dmE6tEjlvo2xxODH4ZVt90WIRUapxnokXcw9t8vglGawOoVFkIpy1xZGCmF5WfWcKHzmlLnZX9bpOLYcBb4hR481lvErYdafC3 root@ubuntu-xenial
-----END SSH HOST KEY KEYS-----
[   33.467396] cloud-init[1519]: Cloud-init v. 19.4-33-gbb4131a2-0ubuntu1~16.04.1 running 'modules:final' at Wed, 24 Jun 2020 08:02:19 +0000. Up 33.28 seconds.
[   33.467621] cloud-init[1519]: ci-info: no authorized SSH keys fingerprints found for user ubuntu.
[   33.467762] cloud-init[1519]: Cloud-init v. 19.4-33-gbb4131a2-0ubuntu1~16.04.1 finished at Wed, 24 Jun 2020 08:02:19 +0000. Datasource DataSourceNoCloud [seed=/dev/sdb][dsmode=net].  Up 33.45 seconds
